\BOOKMARK [0][-]{chapter*.2}{2018-01-11}{}% 1
\BOOKMARK [1][-]{section.1.1}{Gauss-Jordan Elimination}{chapter*.2}% 2
\BOOKMARK [1][-]{section.1.2}{Matrix/Vector Algebra}{chapter*.2}% 3
\BOOKMARK [0][-]{chapter*.3}{2018-01-12}{}% 4
\BOOKMARK [1][-]{section.2.1}{Gauss-Jordan Elimination}{chapter*.3}% 5
\BOOKMARK [1][-]{section.2.2}{Matrix/Vector Algebra}{chapter*.3}% 6
\BOOKMARK [0][-]{chapter*.4}{2018-01-16}{}% 7
\BOOKMARK [1][-]{section.3.1}{Homework Review}{chapter*.4}% 8
\BOOKMARK [2][-]{subsection.3.1.1}{2.82}{section.3.1}% 9
\BOOKMARK [2][-]{Item.4}{2.83}{section.3.1}% 10
\BOOKMARK [2][-]{Item.8}{2.86}{section.3.1}% 11
\BOOKMARK [2][-]{Item.11}{2.88}{section.3.1}% 12
\BOOKMARK [2][-]{Item.12}{2.89}{section.3.1}% 13
\BOOKMARK [2][-]{Item.13}{2.92}{section.3.1}% 14
\BOOKMARK [0][-]{chapter*.5}{2018-01-18}{}% 15
\BOOKMARK [1][-]{section.4.1}{Homework Review}{chapter*.5}% 16
\BOOKMARK [2][-]{subsection.4.1.1}{1.76}{section.4.1}% 17
\BOOKMARK [2][-]{subsection.4.1.2}{2.80}{section.4.1}% 18
\BOOKMARK [1][-]{section.4.2}{Invertibility}{chapter*.5}% 19
\BOOKMARK [0][-]{chapter*.6}{2018-01-19}{}% 20
\BOOKMARK [1][-]{section.5.1}{Homework Review}{chapter*.6}% 21
\BOOKMARK [2][-]{subsection.5.1.1}{1.76}{section.5.1}% 22
\BOOKMARK [1][-]{section.5.2}{Elementary Matrices/Row Operations}{chapter*.6}% 23
\BOOKMARK [1][-]{section.5.3}{LDU Decomposition}{chapter*.6}% 24
\BOOKMARK [0][-]{chapter*.7}{2018-01-22}{}% 25
\BOOKMARK [1][-]{section.6.1}{nth Power of Matrices}{chapter*.7}% 26
\BOOKMARK [1][-]{section.6.2}{Mathematical Induction}{chapter*.7}% 27
\BOOKMARK [1][-]{section.6.3}{Vector Spaces and Scaling}{chapter*.7}% 28
\BOOKMARK [0][-]{chapter*.8}{2018-01-23}{}% 29
\BOOKMARK [1][-]{section.7.1}{Homework Review}{chapter*.8}% 30
\BOOKMARK [2][-]{subsection.7.1.1}{3.90}{section.7.1}% 31
\BOOKMARK [1][-]{section.7.2}{Vector Spaces}{chapter*.8}% 32
\BOOKMARK [0][-]{chapter*.9}{2018-01-25}{}% 33
\BOOKMARK [1][-]{section.8.1}{Homework Review}{chapter*.9}% 34
\BOOKMARK [2][-]{subsection.8.1.1}{3.99}{section.8.1}% 35
\BOOKMARK [2][-]{subsection.8.1.2}{3.96}{section.8.1}% 36
\BOOKMARK [1][-]{section.8.2}{Subspaces}{chapter*.9}% 37
\BOOKMARK [0][-]{chapter*.10}{2018-01-26}{}% 38
\BOOKMARK [1][-]{section.9.1}{Nullspaces}{chapter*.10}% 39
\BOOKMARK [1][-]{section.9.2}{Linear Algebra Core Concepts}{chapter*.10}% 40
\BOOKMARK [0][-]{chapter*.11}{2018-01-29}{}% 41
\BOOKMARK [1][-]{section.10.1}{Spans}{chapter*.11}% 42
\BOOKMARK [1][-]{section.10.2}{Spanning Set}{chapter*.11}% 43
\BOOKMARK [0][-]{chapter*.12}{2018-01-30}{}% 44
\BOOKMARK [1][-]{section.11.1}{Row and Column Spaces}{chapter*.12}% 45
\BOOKMARK [1][-]{section.11.2}{Homework Review}{chapter*.12}% 46
\BOOKMARK [2][-]{subsection.11.2.1}{4.36}{section.11.2}% 47
\BOOKMARK [0][-]{chapter*.13}{2018-02-01}{}% 48
\BOOKMARK [1][-]{section.12.1}{Homework Review}{chapter*.13}% 49
\BOOKMARK [2][-]{subsection.12.1.1}{4.43}{section.12.1}% 50
\BOOKMARK [2][-]{subsection.12.1.2}{4.49}{section.12.1}% 51
\BOOKMARK [2][-]{subsection.12.1.3}{4.51}{section.12.1}% 52
\BOOKMARK [2][-]{subsection.12.1.4}{4.52}{section.12.1}% 53
\BOOKMARK [1][-]{section.12.2}{Zero Vector Lemma}{chapter*.13}% 54
\BOOKMARK [0][-]{chapter*.14}{2018-02-05}{}% 55
\BOOKMARK [1][-]{section.13.1}{Exam Review}{chapter*.14}% 56
\BOOKMARK [2][-]{subsection.13.1.1}{\0433}{section.13.1}% 57
\BOOKMARK [2][-]{subsection.13.1.2}{\0436b}{section.13.1}% 58
\BOOKMARK [1][-]{section.13.2}{Homework Review}{chapter*.14}% 59
\BOOKMARK [2][-]{subsection.13.2.1}{5.50\(a\)}{section.13.2}% 60
\BOOKMARK [1][-]{section.13.3}{Linear Dependence/Independence}{chapter*.14}% 61
\BOOKMARK [0][-]{chapter*.15}{2018-02-06}{}% 62
\BOOKMARK [1][-]{section.14.1}{Homework Review}{chapter*.15}% 63
\BOOKMARK [2][-]{subsection.14.1.1}{4.63}{section.14.1}% 64
\BOOKMARK [1][-]{section.14.2}{Target and Range}{chapter*.15}% 65
\BOOKMARK [0][-]{chapter*.16}{2018-02-08}{}% 66
\BOOKMARK [1][-]{section.14.1}{Homework Review}{chapter*.16}% 67
\BOOKMARK [2][-]{subsection.14.1.1}{5.58}{section.14.1}% 68
\BOOKMARK [2][-]{subsection.14.1.2}{5.62.a}{section.14.1}% 69
\BOOKMARK [1][-]{section.14.2}{Basis}{chapter*.16}% 70
\BOOKMARK [1][-]{section.14.3}{Rank}{chapter*.16}% 71
\BOOKMARK [0][-]{chapter*.17}{2018-02-12}{}% 72
\BOOKMARK [1][-]{section.15.1}{Homework Review}{chapter*.17}% 73
\BOOKMARK [2][-]{subsection.15.1.1}{5.52.b}{section.15.1}% 74
\BOOKMARK [2][-]{subsection.15.1.2}{5.82.a}{section.15.1}% 75
\BOOKMARK [1][-]{section.15.2}{Examples of Bases}{chapter*.17}% 76
\BOOKMARK [1][-]{section.15.3}{Rank Continued}{chapter*.17}% 77
\BOOKMARK [0][-]{chapter*.18}{2018-02-13}{}% 78
\BOOKMARK [1][-]{section.15.1}{Homework Review}{chapter*.18}% 79
\BOOKMARK [2][-]{subsection.15.1.1}{5.55}{section.15.1}% 80
\BOOKMARK [1][-]{section.15.2}{Intersect of Subspaces}{chapter*.18}% 81
\BOOKMARK [1][-]{section.15.3}{Sums of Subspaces}{chapter*.18}% 82
\BOOKMARK [0][-]{chapter*.19}{2018-02-15}{}% 83
\BOOKMARK [1][-]{section.16.1}{Homework Review}{chapter*.19}% 84
\BOOKMARK [2][-]{subsection.16.1.1}{5.70.a}{section.16.1}% 85
\BOOKMARK [2][-]{subsection.16.1.2}{5.72}{section.16.1}% 86
\BOOKMARK [2][-]{subsection.16.1.3}{5.77}{section.16.1}% 87
\BOOKMARK [1][-]{section.16.2}{Sums and Intersections Continued}{chapter*.19}% 88
\BOOKMARK [0][-]{chapter*.20}{2018-02-16}{}% 89
\BOOKMARK [1][-]{section.17.1}{Homework Review}{chapter*.20}% 90
\BOOKMARK [2][-]{subsection.17.1.1}{5.79}{section.17.1}% 91
\BOOKMARK [2][-]{subsection.17.1.2}{4.80.b}{section.17.1}% 92
\BOOKMARK [1][-]{section.17.2}{Direct Sums}{chapter*.20}% 93
\BOOKMARK [0][-]{chapter*.21}{2018-02-20}{}% 94
\BOOKMARK [1][-]{section.18.1}{Coordinate Vectors}{chapter*.21}% 95
\BOOKMARK [2][-]{subsection.18.1.1}{Change of Basis Matrix}{section.18.1}% 96
\BOOKMARK [1][-]{section.18.2}{Linear Mappings}{chapter*.21}% 97
\BOOKMARK [0][-]{chapter*.22}{2018-02-22}{}% 98
\BOOKMARK [1][-]{section.19.1}{Homework Review}{chapter*.22}% 99
\BOOKMARK [2][-]{subsection.19.1.1}{6.34}{section.19.1}% 100
\BOOKMARK [2][-]{subsection.19.1.2}{8.53}{section.19.1}% 101
\BOOKMARK [1][-]{section.19.2}{Rank Nullity Theorem}{chapter*.22}% 102
\BOOKMARK [1][-]{section.19.3}{Image and Kernel}{chapter*.22}% 103
\BOOKMARK [0][-]{chapter*.23}{2018-02-23}{}% 104
\BOOKMARK [1][-]{section.20.1}{Homework Review}{chapter*.23}% 105
\BOOKMARK [2][-]{subsection.20.1.1}{6.31}{section.20.1}% 106
\BOOKMARK [1][-]{section.20.2}{Image and Kernel Continued}{chapter*.23}% 107
\BOOKMARK [2][-]{subsection.20.2.1}{Linear Transformation Example}{section.20.2}% 108
\BOOKMARK [0][-]{chapter*.24}{2018-02-26}{}% 109
\BOOKMARK [1][-]{section.21.1}{Exam Problem}{chapter*.24}% 110
\BOOKMARK [1][-]{section.21.2}{Rank Nullity}{chapter*.24}% 111
\BOOKMARK [2][-]{subsection.21.2.1}{The Rank Nullity Theorem for Linear Mappings}{section.21.2}% 112
\BOOKMARK [2][-]{subsection.21.2.2}{8.75}{section.21.2}% 113
\BOOKMARK [2][-]{subsection.21.2.3}{Alternate Example of Rank Nullity Theorem}{section.21.2}% 114
\BOOKMARK [1][-]{section.21.3}{Matrix Representations of Linear Mappings}{chapter*.24}% 115
\BOOKMARK [0][-]{chapter*.25}{2018-02-27}{}% 116
\BOOKMARK [1][-]{section.22.1}{Homework Review}{chapter*.25}% 117
\BOOKMARK [2][-]{subsection.22.1.1}{8.73}{section.22.1}% 118
\BOOKMARK [2][-]{subsection.22.1.2}{8.85.a}{section.22.1}% 119
\BOOKMARK [2][-]{subsection.22.1.3}{8.80.c}{section.22.1}% 120
\BOOKMARK [2][-]{subsection.22.1.4}{8.70}{section.22.1}% 121
\BOOKMARK [1][-]{section.22.2}{Singularity}{chapter*.25}% 122
\BOOKMARK [0][-]{chapter*.26}{2018-03-12}{}% 123
\BOOKMARK [1][-]{section.23.1}{Midterm Review}{chapter*.26}% 124
\BOOKMARK [1][-]{section.23.2}{Chapter 7: Geometry}{chapter*.26}% 125
\BOOKMARK [2][-]{subsection.23.2.1}{Magnitude and Angle}{section.23.2}% 126
\BOOKMARK [2][-]{subsection.23.2.2}{Orthogonality}{section.23.2}% 127
\BOOKMARK [2][-]{subsection.23.2.3}{Orthonormal}{section.23.2}% 128
\BOOKMARK [0][-]{chapter*.27}{2018-03-13}{}% 129
\BOOKMARK [1][-]{section.24.1}{Homework Review}{chapter*.27}% 130
\BOOKMARK [2][-]{subsection.24.1.1}{9.29.b}{section.24.1}% 131
\BOOKMARK [1][-]{section.24.2}{Normalizing Orthogonal Sets}{chapter*.27}% 132
\BOOKMARK [1][-]{section.24.3}{Inner Product Spaces}{chapter*.27}% 133
\BOOKMARK [0][-]{chapter*.28}{2018-03-15}{}% 134
\BOOKMARK [1][-]{section.25.1}{Homework Review}{chapter*.28}% 135
\BOOKMARK [2][-]{subsection.25.1.1}{7.65.b}{section.25.1}% 136
\BOOKMARK [2][-]{subsection.25.1.2}{9.43}{section.25.1}% 137
\BOOKMARK [2][-]{subsection.25.1.3}{7.60}{section.25.1}% 138
\BOOKMARK [1][-]{section.25.2}{Orthogonal Projection}{chapter*.28}% 139
\BOOKMARK [0][-]{chapter*.29}{2018-03-16}{}% 140
\BOOKMARK [1][-]{section.26.1}{Homework Review}{chapter*.29}% 141
\BOOKMARK [2][-]{subsection.26.1.1}{9.47}{section.26.1}% 142
\BOOKMARK [1][-]{section.26.2}{Gram-Schmidt Orthogonalization}{chapter*.29}% 143
\BOOKMARK [0][-]{chapter*.30}{2018-03-19}{}% 144
\BOOKMARK [1][-]{section.27.1}{Quiz 6 Review}{chapter*.30}% 145
\BOOKMARK [1][-]{section.27.2}{Homework Review}{chapter*.30}% 146
\BOOKMARK [2][-]{subsection.27.2.1}{7.69}{section.27.2}% 147
\BOOKMARK [1][-]{section.27.3}{Over-determined System / Inconsistent System}{chapter*.30}% 148
\BOOKMARK [2][-]{subsection.27.3.1}{Line of Best Fit}{section.27.3}% 149
\BOOKMARK [0][-]{chapter*.31}{2018-03-20}{}% 150
\BOOKMARK [1][-]{section.28.1}{Homework Review}{chapter*.31}% 151
\BOOKMARK [2][-]{subsection.28.1.1}{7.69 Continued}{section.28.1}% 152
\BOOKMARK [1][-]{section.28.2}{Determinants}{chapter*.31}% 153
\BOOKMARK [0][-]{chapter*.32}{2018-03-22}{}% 154
\BOOKMARK [1][-]{section.29.1}{Homework Review}{chapter*.32}% 155
\BOOKMARK [2][-]{subsection.29.1.1}{7.73}{section.29.1}% 156
\BOOKMARK [2][-]{subsection.29.1.2}{7.85}{section.29.1}% 157
\BOOKMARK [2][-]{subsection.29.1.3}{7.70}{section.29.1}% 158
\BOOKMARK [1][-]{section.29.2}{Positive-Definite}{chapter*.32}% 159
\BOOKMARK [1][-]{section.29.3}{Properties of Determinants Continued}{chapter*.32}% 160
\BOOKMARK [0][-]{chapter*.33}{2018-03-23}{}% 161
\BOOKMARK [1][-]{section.30.1}{Homework Review}{chapter*.33}% 162
\BOOKMARK [2][-]{subsection.30.1.1}{7.78}{section.30.1}% 163
\BOOKMARK [0][-]{chapter*.34}{2018-03-26}{}% 164
\BOOKMARK [1][-]{section.31.1}{Quiz Review}{chapter*.34}% 165
\BOOKMARK [1][-]{section.31.2}{Possible Exam Question}{chapter*.34}% 166
\BOOKMARK [1][-]{section.31.3}{Determinants Continued}{chapter*.34}% 167
\BOOKMARK [2][-]{subsection.31.3.1}{Cofactor Expansion Formula}{section.31.3}% 168
\BOOKMARK [0][-]{chapter*.35}{2018-03-27}{}% 169
\BOOKMARK [1][-]{section.32.1}{Homework Review}{chapter*.35}% 170
\BOOKMARK [2][-]{subsection.32.1.1}{10.59}{section.32.1}% 171
\BOOKMARK [1][-]{section.32.2}{Adjoints}{chapter*.35}% 172
\BOOKMARK [1][-]{section.32.3}{Permutations and the Determinant}{chapter*.35}% 173
\BOOKMARK [0][-]{chapter*.36}{2018-03-29}{}% 174
\BOOKMARK [1][-]{section.33.1}{Homework Review}{chapter*.36}% 175
\BOOKMARK [2][-]{subsection.33.1.1}{10.76}{section.33.1}% 176
\BOOKMARK [2][-]{subsection.33.1.2}{10.79}{section.33.1}% 177
\BOOKMARK [2][-]{subsection.33.1.3}{10.74}{section.33.1}% 178
\BOOKMARK [2][-]{subsection.33.1.4}{10.83}{section.33.1}% 179
\BOOKMARK [2][-]{subsection.33.1.5}{10.69}{section.33.1}% 180
\BOOKMARK [1][-]{section.33.2}{Eigenvectors/Eigenvalues}{chapter*.36}% 181
\BOOKMARK [0][-]{chapter*.37}{2018-04-02}{}% 182
\BOOKMARK [1][-]{section.34.1}{Exam Review}{chapter*.37}% 183
\BOOKMARK [2][-]{subsection.34.1.1}{\0431}{section.34.1}% 184
\BOOKMARK [2][-]{subsection.34.1.2}{\0433}{section.34.1}% 185
\BOOKMARK [2][-]{subsection.34.1.3}{\0434.b}{section.34.1}% 186
\BOOKMARK [1][-]{section.34.2}{Eigenvectors}{chapter*.37}% 187
\BOOKMARK [0][-]{chapter*.38}{2018-04-03}{}% 188
\BOOKMARK [1][-]{section.35.1}{Homework Review}{chapter*.38}% 189
\BOOKMARK [2][-]{subsection.35.1.1}{11.58}{section.35.1}% 190
\BOOKMARK [1][-]{section.35.2}{Diagonalizability}{chapter*.38}% 191
\BOOKMARK [2][-]{subsection.35.2.1}{Criterion}{section.35.2}% 192
\BOOKMARK [0][-]{chapter*.39}{2018-04-05}{}% 193
\BOOKMARK [1][-]{section.36.1}{Homework Review}{chapter*.39}% 194
\BOOKMARK [2][-]{subsection.36.1.1}{11.55\(b\)}{section.36.1}% 195
\BOOKMARK [2][-]{subsection.36.1.2}{11.56\(b\)}{section.36.1}% 196
\BOOKMARK [2][-]{subsection.36.1.3}{11.68\(b\)}{section.36.1}% 197
\BOOKMARK [1][-]{section.36.2}{Diagonalizability}{chapter*.39}% 198
\BOOKMARK [0][-]{chapter*.40}{2018-04-06}{}% 199
\BOOKMARK [1][-]{section.37.1}{Homework Review}{chapter*.40}% 200
\BOOKMARK [2][-]{subsection.37.1.1}{11.65}{section.37.1}% 201
\BOOKMARK [2][-]{subsection.37.1.2}{11.60\(b\)}{section.37.1}% 202
\BOOKMARK [1][-]{section.37.2}{Algebraic vs Geometric Multiplicity}{chapter*.40}% 203
\BOOKMARK [0][-]{chapter*.41}{2018-04-09}{}% 204
\BOOKMARK [1][-]{section.38.1}{Jordan Canonical Form and Minimum Polynomials}{chapter*.41}% 205
\BOOKMARK [2][-]{subsection.38.1.1}{Jordan Blocks}{section.38.1}% 206
\BOOKMARK [2][-]{subsection.38.1.2}{Matrix Exponential}{section.38.1}% 207
\BOOKMARK [0][-]{chapter*.42}{2018-04-12}{}% 208
\BOOKMARK [1][-]{section.39.1}{Exam 3 Review}{chapter*.42}% 209
\BOOKMARK [2][-]{subsection.39.1.1}{1}{section.39.1}% 210
\BOOKMARK [1][-]{section.39.2}{Homework Review}{chapter*.42}% 211
\BOOKMARK [2][-]{subsection.39.2.1}{11.78}{section.39.2}% 212
\BOOKMARK [2][-]{subsection.39.2.2}{12.30}{section.39.2}% 213
\BOOKMARK [2][-]{subsection.39.2.3}{12.32}{section.39.2}% 214
\BOOKMARK [1][-]{section.39.3}{Chain Rule}{chapter*.42}% 215
\BOOKMARK [1][-]{section.39.4}{Partial Fractions}{chapter*.42}% 216
\BOOKMARK [0][-]{chapter*.43}{2018-04-13}{}% 217
\BOOKMARK [1][-]{section.40.1}{Homework Review}{chapter*.43}% 218
\BOOKMARK [2][-]{subsection.40.1.1}{12.28}{section.40.1}% 219
\BOOKMARK [2][-]{subsection.40.1.2}{12.32}{section.40.1}% 220
\BOOKMARK [0][-]{chapter*.44}{2018-04-16}{}% 221
\BOOKMARK [1][-]{section.41.1}{Quiz Review}{chapter*.44}% 222
\BOOKMARK [1][-]{section.41.2}{Spectral Decomposition}{chapter*.44}% 223
\BOOKMARK [0][-]{chapter*.45}{2018-04-19}{}% 224
\BOOKMARK [1][-]{section.42.1}{Homework Review}{chapter*.45}% 225
\BOOKMARK [2][-]{subsection.42.1.1}{12.37}{section.42.1}% 226
\BOOKMARK [2][-]{subsection.42.1.2}{12.38}{section.42.1}% 227
\BOOKMARK [2][-]{subsection.42.1.3}{12.43}{section.42.1}% 228
\BOOKMARK [1][-]{section.42.2}{Final Exam Review}{chapter*.45}% 229
\BOOKMARK [2][-]{subsection.42.2.1}{Change of Basis Formula}{section.42.2}% 230
\BOOKMARK [0][-]{chapter*.46}{2018-04-20}{}% 231
\BOOKMARK [1][-]{section.43.1}{Quiz 10 Review}{chapter*.46}% 232
\BOOKMARK [1][-]{section.43.2}{Final Exam Review}{chapter*.46}% 233
\BOOKMARK [2][-]{subsection.43.2.1}{7.82}{section.43.2}% 234
\BOOKMARK [2][-]{subsection.43.2.2}{Eigen Decomposition}{section.43.2}% 235
\BOOKMARK [2][-]{subsection.43.2.3}{QR Algorithm}{section.43.2}% 236
\BOOKMARK [2][-]{subsection.43.2.4}{12.37}{section.43.2}% 237
