This is pdfTeX, Version 3.14159265-2.6-1.40.19 (MiKTeX 2.9.6630 64-bit) (preloaded format=pdflatex 2018.5.8)  14 JUN 2018 12:25
entering extended mode
**./a3.tex
(a3.tex
LaTeX2e <2017-04-15>
Babel <3.18> and hyphenation patterns for 75 language(s) loaded.

("C:\Users\aabgreener\AppData\Local\Programs\MiKTeX 2.9\tex\latex\base\report.c
ls"
Document Class: report 2014/09/29 v1.4h Standard LaTeX document class

("C:\Users\aabgreener\AppData\Local\Programs\MiKTeX 2.9\tex\latex\base\size10.c
lo"
File: size10.clo 2014/09/29 v1.4h Standard LaTeX file (size option)
)
\c@part=\count79
\c@chapter=\count80
\c@section=\count81
\c@subsection=\count82
\c@subsubsection=\count83
\c@paragraph=\count84
\c@subparagraph=\count85
\c@figure=\count86
\c@table=\count87
\abovecaptionskip=\skip41
\belowcaptionskip=\skip42
\bibindent=\dimen102
)
("C:\Users\aabgreener\AppData\Local\Programs\MiKTeX 2.9\tex\latex\geometry\geom
etry.sty"
Package: geometry 2010/09/12 v5.6 Page Geometry

("C:\Users\aabgreener\AppData\Local\Programs\MiKTeX 2.9\tex\latex\graphics\keyv
al.sty"
Package: keyval 2014/10/28 v1.15 key=value parser (DPC)
\KV@toks@=\toks14
)
("C:\Users\aabgreener\AppData\Local\Programs\MiKTeX 2.9\tex\generic\oberdiek\if
pdf.sty"
Package: ifpdf 2017/03/15 v3.2 Provides the ifpdf switch
)
("C:\Users\aabgreener\AppData\Local\Programs\MiKTeX 2.9\tex\generic\oberdiek\if
vtex.sty"
Package: ifvtex 2016/05/16 v1.6 Detect VTeX and its facilities (HO)
Package ifvtex Info: VTeX not detected.
)
("C:\Users\aabgreener\AppData\Local\Programs\MiKTeX 2.9\tex\generic\ifxetex\ifx
etex.sty"
Package: ifxetex 2010/09/12 v0.6 Provides ifxetex conditional
)
\Gm@cnth=\count88
\Gm@cntv=\count89
\c@Gm@tempcnt=\count90
\Gm@bindingoffset=\dimen103
\Gm@wd@mp=\dimen104
\Gm@odd@mp=\dimen105
\Gm@even@mp=\dimen106
\Gm@layoutwidth=\dimen107
\Gm@layoutheight=\dimen108
\Gm@layouthoffset=\dimen109
\Gm@layoutvoffset=\dimen110
\Gm@dimlist=\toks15

("C:\Users\aabgreener\AppData\Local\Programs\MiKTeX 2.9\tex\latex\geometry\geom
etry.cfg"))
("C:\Users\aabgreener\AppData\Local\Programs\MiKTeX 2.9\tex\latex\amsmath\amsma
th.sty"
Package: amsmath 2017/09/02 v2.17a AMS math features
\@mathmargin=\skip43

For additional information on amsmath, use the `?' option.

("C:\Users\aabgreener\AppData\Local\Programs\MiKTeX 2.9\tex\latex\amsmath\amste
xt.sty"
Package: amstext 2000/06/29 v2.01 AMS text

("C:\Users\aabgreener\AppData\Local\Programs\MiKTeX 2.9\tex\latex\amsmath\amsge
n.sty"
File: amsgen.sty 1999/11/30 v2.0 generic functions
\@emptytoks=\toks16
\ex@=\dimen111
))
("C:\Users\aabgreener\AppData\Local\Programs\MiKTeX 2.9\tex\latex\amsmath\amsbs
y.sty"
Package: amsbsy 1999/11/29 v1.2d Bold Symbols
\pmbraise@=\dimen112
)
("C:\Users\aabgreener\AppData\Local\Programs\MiKTeX 2.9\tex\latex\amsmath\amsop
n.sty"
Package: amsopn 2016/03/08 v2.02 operator names
)
\inf@bad=\count91
LaTeX Info: Redefining \frac on input line 213.
\uproot@=\count92
\leftroot@=\count93
LaTeX Info: Redefining \overline on input line 375.
\classnum@=\count94
\DOTSCASE@=\count95
LaTeX Info: Redefining \ldots on input line 472.
LaTeX Info: Redefining \dots on input line 475.
LaTeX Info: Redefining \cdots on input line 596.
\Mathstrutbox@=\box26
\strutbox@=\box27
\big@size=\dimen113
LaTeX Font Info:    Redeclaring font encoding OML on input line 712.
LaTeX Font Info:    Redeclaring font encoding OMS on input line 713.
\macc@depth=\count96
\c@MaxMatrixCols=\count97
\dotsspace@=\muskip10
\c@parentequation=\count98
\dspbrk@lvl=\count99
\tag@help=\toks17
\row@=\count100
\column@=\count101
\maxfields@=\count102
\andhelp@=\toks18
\eqnshift@=\dimen114
\alignsep@=\dimen115
\tagshift@=\dimen116
\tagwidth@=\dimen117
\totwidth@=\dimen118
\lineht@=\dimen119
\@envbody=\toks19
\multlinegap=\skip44
\multlinetaggap=\skip45
\mathdisplay@stack=\toks20
LaTeX Info: Redefining \[ on input line 2817.
LaTeX Info: Redefining \] on input line 2818.
)
("C:\Users\aabgreener\AppData\Local\Programs\MiKTeX 2.9\tex\latex\amscls\amsthm
.sty"
Package: amsthm 2017/10/31 v2.20.4
\thm@style=\toks21
\thm@bodyfont=\toks22
\thm@headfont=\toks23
\thm@notefont=\toks24
\thm@headpunct=\toks25
\thm@preskip=\skip46
\thm@postskip=\skip47
\thm@headsep=\skip48
\dth@everypar=\toks26
)
("C:\Users\aabgreener\AppData\Local\Programs\MiKTeX 2.9\tex\latex\amsfonts\amss
ymb.sty"
Package: amssymb 2013/01/14 v3.01 AMS font symbols

("C:\Users\aabgreener\AppData\Local\Programs\MiKTeX 2.9\tex\latex\amsfonts\amsf
onts.sty"
Package: amsfonts 2013/01/14 v3.01 Basic AMSFonts support
\symAMSa=\mathgroup4
\symAMSb=\mathgroup5
LaTeX Font Info:    Overwriting math alphabet `\mathfrak' in version `bold'
(Font)                  U/euf/m/n --> U/euf/b/n on input line 106.
))
("C:\Users\aabgreener\AppData\Local\Programs\MiKTeX 2.9\tex\latex\tabto\tabto.s
ty"
Package: tabto 2013/03/25  v 1.3  Another tabbing mechanism
\CurrentLineWidth=\dimen120
)
("C:\Users\aabgreener\AppData\Local\Programs\MiKTeX 2.9\tex\latex\datetime\date
time.sty"
Package: datetime 2015/03/20 v2.60 Date Time Package

("C:\Users\aabgreener\AppData\Local\Programs\MiKTeX 2.9\tex\latex\etoolbox\etoo
lbox.sty"
Package: etoolbox 2018/02/11 v2.5e e-TeX tools for LaTeX (JAW)
\etb@tempcnta=\count103
)
("C:\Users\aabgreener\AppData\Local\Programs\MiKTeX 2.9\tex\latex\fmtcount\fmtc
ount.sty"
Package: fmtcount 2017/12/24 v3.05

("C:\Users\aabgreener\AppData\Local\Programs\MiKTeX 2.9\tex\latex\base\ifthen.s
ty"
Package: ifthen 2014/09/29 v1.1c Standard LaTeX ifthen package (DPC)
)
("C:\Users\aabgreener\AppData\Local\Programs\MiKTeX 2.9\tex\latex\xkeyval\xkeyv
al.sty"
Package: xkeyval 2014/12/03 v2.7a package option processing (HA)

("C:\Users\aabgreener\AppData\Local\Programs\MiKTeX 2.9\tex\generic\xkeyval\xke
yval.tex"
("C:\Users\aabgreener\AppData\Local\Programs\MiKTeX 2.9\tex\generic\xkeyval\xkv
utils.tex"
\XKV@toks=\toks27
\XKV@tempa@toks=\toks28
)
\XKV@depth=\count104
File: xkeyval.tex 2014/12/03 v2.7a key=value parser (HA)
))
("C:\Users\aabgreener\AppData\Local\Programs\MiKTeX 2.9\tex\latex\fmtcount\fcpr
efix.sty"
Package: fcprefix 2012/09/28

("C:\Users\aabgreener\AppData\Local\Programs\MiKTeX 2.9\tex\latex\fmtcount\fcnu
mparser.sty"
Package: fcnumparser 2017/06/15
\fc@digit@counter=\count105
))
\c@padzeroesN=\count106
\fc@tmpcatcode=\count107
\@DT@modctr=\count108
\@ordinalctr=\count109
\@orgargctr=\count110
\@strctr=\count111
\@tmpstrctr=\count112
\@DT@loopN=\count113
\@DT@X=\count114
)
("C:\Users\aabgreener\AppData\Local\Programs\MiKTeX 2.9\tex\latex\datetime\date
time-defaults.sty"
Package: datetime-defaults 2013/09/10
)
\@day=\count115
\@month=\count116
\@year=\count117
\c@HOUR=\count118
\c@HOURXII=\count119
\c@MINUTE=\count120
\c@TOHOUR=\count121
\c@TOMINUTE=\count122
\c@SECOND=\count123
\currenthour=\count124
\currentminute=\count125
\currentsecond=\count126
Package datetime Info: No datetime.cfg file found, using default settings on in
put line 308.
\@dtctr=\count127
\dayofyear=\count128
\dayofweek=\count129
LaTeX Info: Redefining \today on input line 736.
\dt@a=\toks29
\dt@b=\toks30
)
("C:\Users\aabgreener\AppData\Local\Programs\MiKTeX 2.9\tex\latex\arydshln\aryd
shln.sty"
Package: arydshln 2016/04/28 v1.73 
\dashlinedash=\dimen121
\dashlinegap=\dimen122
\adl@box=\box28
\adl@height=\dimen123
\adl@heightsave=\dimen124
\adl@depth=\dimen125
\adl@depthsave=\dimen126
\adl@finaldepth=\dimen127
\adl@columns=\count130
\adl@ncol=\count131
\adl@currentcolumn=\count132
\adl@currentcolumnsave=\count133
\adl@totalheight=\count134
\adl@totalheightsave=\count135
\adl@dash=\count136
\adl@gap=\count137
\adl@cla=\count138
\adl@clb=\count139
\adl@everyvbox=\toks31
\adl@LTpagetotal=\dimen128
)
("C:\Users\aabgreener\AppData\Local\Programs\MiKTeX 2.9\tex\latex\hyperref\hype
rref.sty"
Package: hyperref 2018/02/06 v6.86b Hypertext links for LaTeX

("C:\Users\aabgreener\AppData\Local\Programs\MiKTeX 2.9\tex\generic\oberdiek\ho
bsub-hyperref.sty"
Package: hobsub-hyperref 2016/05/16 v1.14 Bundle oberdiek, subset hyperref (HO)


("C:\Users\aabgreener\AppData\Local\Programs\MiKTeX 2.9\tex\generic\oberdiek\ho
bsub-generic.sty"
Package: hobsub-generic 2016/05/16 v1.14 Bundle oberdiek, subset generic (HO)
Package: hobsub 2016/05/16 v1.14 Construct package bundles (HO)
Package: infwarerr 2016/05/16 v1.4 Providing info/warning/error messages (HO)
Package: ltxcmds 2016/05/16 v1.23 LaTeX kernel commands for general use (HO)
Package: ifluatex 2016/05/16 v1.4 Provides the ifluatex switch (HO)
Package ifluatex Info: LuaTeX not detected.
Package hobsub Info: Skipping package `ifvtex' (already loaded).
Package: intcalc 2016/05/16 v1.2 Expandable calculations with integers (HO)
Package hobsub Info: Skipping package `ifpdf' (already loaded).
Package: etexcmds 2016/05/16 v1.6 Avoid name clashes with e-TeX commands (HO)
Package etexcmds Info: Could not find \expanded.
(etexcmds)             That can mean that you are not using pdfTeX 1.50 or
(etexcmds)             that some package has redefined \expanded.
(etexcmds)             In the latter case, load this package earlier.
Package: kvsetkeys 2016/05/16 v1.17 Key value parser (HO)
Package: kvdefinekeys 2016/05/16 v1.4 Define keys (HO)
Package: pdftexcmds 2018/01/21 v0.26 Utility functions of pdfTeX for LuaTeX (HO
)
Package pdftexcmds Info: LuaTeX not detected.
Package pdftexcmds Info: \pdf@primitive is available.
Package pdftexcmds Info: \pdf@ifprimitive is available.
Package pdftexcmds Info: \pdfdraftmode found.
Package: pdfescape 2016/05/16 v1.14 Implements pdfTeX's escape features (HO)
Package: bigintcalc 2016/05/16 v1.4 Expandable calculations on big integers (HO
)
Package: bitset 2016/05/16 v1.2 Handle bit-vector datatype (HO)
Package: uniquecounter 2016/05/16 v1.3 Provide unlimited unique counter (HO)
)
Package hobsub Info: Skipping package `hobsub' (already loaded).
Package: letltxmacro 2016/05/16 v1.5 Let assignment for LaTeX macros (HO)
Package: hopatch 2016/05/16 v1.3 Wrapper for package hooks (HO)
Package: xcolor-patch 2016/05/16 xcolor patch
Package: atveryend 2016/05/16 v1.9 Hooks at the very end of document (HO)
Package: atbegshi 2016/06/09 v1.18 At begin shipout hook (HO)
Package: refcount 2016/05/16 v3.5 Data extraction from label references (HO)
Package: hycolor 2016/05/16 v1.8 Color options for hyperref/bookmark (HO)
)
("C:\Users\aabgreener\AppData\Local\Programs\MiKTeX 2.9\tex\latex\oberdiek\auxh
ook.sty"
Package: auxhook 2016/05/16 v1.4 Hooks for auxiliary files (HO)
)
("C:\Users\aabgreener\AppData\Local\Programs\MiKTeX 2.9\tex\latex\oberdiek\kvop
tions.sty"
Package: kvoptions 2016/05/16 v3.12 Key value format for package options (HO)
)
\@linkdim=\dimen129
\Hy@linkcounter=\count140
\Hy@pagecounter=\count141

("C:\Users\aabgreener\AppData\Local\Programs\MiKTeX 2.9\tex\latex\hyperref\pd1e
nc.def"
File: pd1enc.def 2018/02/06 v6.86b Hyperref: PDFDocEncoding definition (HO)
)
\Hy@SavedSpaceFactor=\count142

("C:\Users\aabgreener\AppData\Local\Programs\MiKTeX 2.9\tex\latex\00miktex\hype
rref.cfg"
File: hyperref.cfg 2002/06/06 v1.2 hyperref configuration of TeXLive
)
Package hyperref Info: Hyper figures OFF on input line 4509.
Package hyperref Info: Link nesting OFF on input line 4514.
Package hyperref Info: Hyper index ON on input line 4517.
Package hyperref Info: Plain pages OFF on input line 4524.
Package hyperref Info: Backreferencing OFF on input line 4529.
Package hyperref Info: Implicit mode ON; LaTeX internals redefined.
Package hyperref Info: Bookmarks ON on input line 4762.
\c@Hy@tempcnt=\count143

("C:\Users\aabgreener\AppData\Local\Programs\MiKTeX 2.9\tex\latex\url\url.sty"
\Urlmuskip=\muskip11
Package: url 2013/09/16  ver 3.4  Verb mode for urls, etc.
)
LaTeX Info: Redefining \url on input line 5115.
\XeTeXLinkMargin=\dimen130
\Fld@menulength=\count144
\Field@Width=\dimen131
\Fld@charsize=\dimen132
Package hyperref Info: Hyper figures OFF on input line 6369.
Package hyperref Info: Link nesting OFF on input line 6374.
Package hyperref Info: Hyper index ON on input line 6377.
Package hyperref Info: backreferencing OFF on input line 6384.
Package hyperref Info: Link coloring OFF on input line 6389.
Package hyperref Info: Link coloring with OCG OFF on input line 6394.
Package hyperref Info: PDF/A mode OFF on input line 6399.
LaTeX Info: Redefining \ref on input line 6439.
LaTeX Info: Redefining \pageref on input line 6443.
\Hy@abspage=\count145
\c@Item=\count146
\c@Hfootnote=\count147
)
Package hyperref Info: Driver (autodetected): hpdftex.

("C:\Users\aabgreener\AppData\Local\Programs\MiKTeX 2.9\tex\latex\hyperref\hpdf
tex.def"
File: hpdftex.def 2018/02/06 v6.86b Hyperref driver for pdfTeX
\Fld@listcount=\count148
\c@bookmark@seq@number=\count149

("C:\Users\aabgreener\AppData\Local\Programs\MiKTeX 2.9\tex\latex\oberdiek\reru
nfilecheck.sty"
Package: rerunfilecheck 2016/05/16 v1.8 Rerun checks for auxiliary files (HO)
Package uniquecounter Info: New unique counter `rerunfilecheck' on input line 2
82.
)
\Hy@SectionHShift=\skip49
)
Package hyperref Info: Option `colorlinks' set `true' on input line 18.

("C:\Users\aabgreener\AppData\Local\Programs\MiKTeX 2.9\tex\latex\pgf\frontendl
ayer\tikz.sty"
("C:\Users\aabgreener\AppData\Local\Programs\MiKTeX 2.9\tex\latex\pgf\basiclaye
r\pgf.sty"
("C:\Users\aabgreener\AppData\Local\Programs\MiKTeX 2.9\tex\latex\pgf\utilities
\pgfrcs.sty"
("C:\Users\aabgreener\AppData\Local\Programs\MiKTeX 2.9\tex\generic\pgf\utiliti
es\pgfutil-common.tex"
\pgfutil@everybye=\toks32
\pgfutil@tempdima=\dimen133
\pgfutil@tempdimb=\dimen134

("C:\Users\aabgreener\AppData\Local\Programs\MiKTeX 2.9\tex\generic\pgf\utiliti
es\pgfutil-common-lists.tex"))
("C:\Users\aabgreener\AppData\Local\Programs\MiKTeX 2.9\tex\generic\pgf\utiliti
es\pgfutil-latex.def"
\pgfutil@abb=\box29

("C:\Users\aabgreener\AppData\Local\Programs\MiKTeX 2.9\tex\latex\ms\everyshi.s
ty"
Package: everyshi 2001/05/15 v3.00 EveryShipout Package (MS)
))
("C:\Users\aabgreener\AppData\Local\Programs\MiKTeX 2.9\tex\generic\pgf\utiliti
es\pgfrcs.code.tex"
Package: pgfrcs 2015/08/07 v3.0.1a (rcs-revision 1.31)
))
Package: pgf 2015/08/07 v3.0.1a (rcs-revision 1.15)

("C:\Users\aabgreener\AppData\Local\Programs\MiKTeX 2.9\tex\latex\pgf\basiclaye
r\pgfcore.sty"
("C:\Users\aabgreener\AppData\Local\Programs\MiKTeX 2.9\tex\latex\graphics\grap
hicx.sty"
Package: graphicx 2017/06/01 v1.1a Enhanced LaTeX Graphics (DPC,SPQR)

("C:\Users\aabgreener\AppData\Local\Programs\MiKTeX 2.9\tex\latex\graphics\grap
hics.sty"
Package: graphics 2017/06/25 v1.2c Standard LaTeX Graphics (DPC,SPQR)

("C:\Users\aabgreener\AppData\Local\Programs\MiKTeX 2.9\tex\latex\graphics\trig
.sty"
Package: trig 2016/01/03 v1.10 sin cos tan (DPC)
)
("C:\Users\aabgreener\AppData\Local\Programs\MiKTeX 2.9\tex\latex\graphics-cfg\
graphics.cfg"
File: graphics.cfg 2016/06/04 v1.11 sample graphics configuration
)
Package graphics Info: Driver file: pdftex.def on input line 99.

("C:\Users\aabgreener\AppData\Local\Programs\MiKTeX 2.9\tex\latex\graphics-def\
pdftex.def"
File: pdftex.def 2018/01/08 v1.0l Graphics/color driver for pdftex
))
\Gin@req@height=\dimen135
\Gin@req@width=\dimen136
)
("C:\Users\aabgreener\AppData\Local\Programs\MiKTeX 2.9\tex\latex\pgf\systemlay
er\pgfsys.sty"
("C:\Users\aabgreener\AppData\Local\Programs\MiKTeX 2.9\tex\generic\pgf\systeml
ayer\pgfsys.code.tex"
Package: pgfsys 2014/07/09 v3.0.1a (rcs-revision 1.48)

("C:\Users\aabgreener\AppData\Local\Programs\MiKTeX 2.9\tex\generic\pgf\utiliti
es\pgfkeys.code.tex"
\pgfkeys@pathtoks=\toks33
\pgfkeys@temptoks=\toks34

("C:\Users\aabgreener\AppData\Local\Programs\MiKTeX 2.9\tex\generic\pgf\utiliti
es\pgfkeysfiltered.code.tex"
\pgfkeys@tmptoks=\toks35
))
\pgf@x=\dimen137
\pgf@y=\dimen138
\pgf@xa=\dimen139
\pgf@ya=\dimen140
\pgf@xb=\dimen141
\pgf@yb=\dimen142
\pgf@xc=\dimen143
\pgf@yc=\dimen144
\w@pgf@writea=\write3
\r@pgf@reada=\read1
\c@pgf@counta=\count150
\c@pgf@countb=\count151
\c@pgf@countc=\count152
\c@pgf@countd=\count153
\t@pgf@toka=\toks36
\t@pgf@tokb=\toks37
\t@pgf@tokc=\toks38

("C:\Users\aabgreener\AppData\Local\Programs\MiKTeX 2.9\tex\generic\pgf\systeml
ayer\pgf.cfg"
File: pgf.cfg 2008/05/14  (rcs-revision 1.7)
)
Driver file for pgf: pgfsys-pdftex.def

("C:\Users\aabgreener\AppData\Local\Programs\MiKTeX 2.9\tex\generic\pgf\systeml
ayer\pgfsys-pdftex.def"
File: pgfsys-pdftex.def 2014/10/11  (rcs-revision 1.35)

("C:\Users\aabgreener\AppData\Local\Programs\MiKTeX 2.9\tex\generic\pgf\systeml
ayer\pgfsys-common-pdf.def"
File: pgfsys-common-pdf.def 2013/10/10  (rcs-revision 1.13)
)))
("C:\Users\aabgreener\AppData\Local\Programs\MiKTeX 2.9\tex\generic\pgf\systeml
ayer\pgfsyssoftpath.code.tex"
File: pgfsyssoftpath.code.tex 2013/09/09  (rcs-revision 1.9)
\pgfsyssoftpath@smallbuffer@items=\count154
\pgfsyssoftpath@bigbuffer@items=\count155
)
("C:\Users\aabgreener\AppData\Local\Programs\MiKTeX 2.9\tex\generic\pgf\systeml
ayer\pgfsysprotocol.code.tex"
File: pgfsysprotocol.code.tex 2006/10/16  (rcs-revision 1.4)
))
("C:\Users\aabgreener\AppData\Local\Programs\MiKTeX 2.9\tex\latex\xcolor\xcolor
.sty"
Package: xcolor 2016/05/11 v2.12 LaTeX color extensions (UK)

("C:\Users\aabgreener\AppData\Local\Programs\MiKTeX 2.9\tex\latex\graphics-cfg\
color.cfg"
File: color.cfg 2016/01/02 v1.6 sample color configuration
)
Package xcolor Info: Driver file: pdftex.def on input line 225.
Package xcolor Info: Model `cmy' substituted by `cmy0' on input line 1348.
Package xcolor Info: Model `hsb' substituted by `rgb' on input line 1352.
Package xcolor Info: Model `RGB' extended on input line 1364.
Package xcolor Info: Model `HTML' substituted by `rgb' on input line 1366.
Package xcolor Info: Model `Hsb' substituted by `hsb' on input line 1367.
Package xcolor Info: Model `tHsb' substituted by `hsb' on input line 1368.
Package xcolor Info: Model `HSB' substituted by `hsb' on input line 1369.
Package xcolor Info: Model `Gray' substituted by `gray' on input line 1370.
Package xcolor Info: Model `wave' substituted by `hsb' on input line 1371.
)
("C:\Users\aabgreener\AppData\Local\Programs\MiKTeX 2.9\tex\generic\pgf\basicla
yer\pgfcore.code.tex"
Package: pgfcore 2010/04/11 v3.0.1a (rcs-revision 1.7)

("C:\Users\aabgreener\AppData\Local\Programs\MiKTeX 2.9\tex\generic\pgf\math\pg
fmath.code.tex"
("C:\Users\aabgreener\AppData\Local\Programs\MiKTeX 2.9\tex\generic\pgf\math\pg
fmathcalc.code.tex"
("C:\Users\aabgreener\AppData\Local\Programs\MiKTeX 2.9\tex\generic\pgf\math\pg
fmathutil.code.tex")
("C:\Users\aabgreener\AppData\Local\Programs\MiKTeX 2.9\tex\generic\pgf\math\pg
fmathparser.code.tex"
\pgfmath@dimen=\dimen145
\pgfmath@count=\count156
\pgfmath@box=\box30
\pgfmath@toks=\toks39
\pgfmath@stack@operand=\toks40
\pgfmath@stack@operation=\toks41
)
("C:\Users\aabgreener\AppData\Local\Programs\MiKTeX 2.9\tex\generic\pgf\math\pg
fmathfunctions.code.tex"
("C:\Users\aabgreener\AppData\Local\Programs\MiKTeX 2.9\tex\generic\pgf\math\pg
fmathfunctions.basic.code.tex")
("C:\Users\aabgreener\AppData\Local\Programs\MiKTeX 2.9\tex\generic\pgf\math\pg
fmathfunctions.trigonometric.code.tex")
("C:\Users\aabgreener\AppData\Local\Programs\MiKTeX 2.9\tex\generic\pgf\math\pg
fmathfunctions.random.code.tex")
("C:\Users\aabgreener\AppData\Local\Programs\MiKTeX 2.9\tex\generic\pgf\math\pg
fmathfunctions.comparison.code.tex")
("C:\Users\aabgreener\AppData\Local\Programs\MiKTeX 2.9\tex\generic\pgf\math\pg
fmathfunctions.base.code.tex")
("C:\Users\aabgreener\AppData\Local\Programs\MiKTeX 2.9\tex\generic\pgf\math\pg
fmathfunctions.round.code.tex")
("C:\Users\aabgreener\AppData\Local\Programs\MiKTeX 2.9\tex\generic\pgf\math\pg
fmathfunctions.misc.code.tex")
("C:\Users\aabgreener\AppData\Local\Programs\MiKTeX 2.9\tex\generic\pgf\math\pg
fmathfunctions.integerarithmetics.code.tex")))
("C:\Users\aabgreener\AppData\Local\Programs\MiKTeX 2.9\tex\generic\pgf\math\pg
fmathfloat.code.tex"
\c@pgfmathroundto@lastzeros=\count157
))
("C:\Users\aabgreener\AppData\Local\Programs\MiKTeX 2.9\tex\generic\pgf\basicla
yer\pgfcorepoints.code.tex"
File: pgfcorepoints.code.tex 2013/10/07  (rcs-revision 1.27)
\pgf@picminx=\dimen146
\pgf@picmaxx=\dimen147
\pgf@picminy=\dimen148
\pgf@picmaxy=\dimen149
\pgf@pathminx=\dimen150
\pgf@pathmaxx=\dimen151
\pgf@pathminy=\dimen152
\pgf@pathmaxy=\dimen153
\pgf@xx=\dimen154
\pgf@xy=\dimen155
\pgf@yx=\dimen156
\pgf@yy=\dimen157
\pgf@zx=\dimen158
\pgf@zy=\dimen159
)
("C:\Users\aabgreener\AppData\Local\Programs\MiKTeX 2.9\tex\generic\pgf\basicla
yer\pgfcorepathconstruct.code.tex"
File: pgfcorepathconstruct.code.tex 2013/10/07  (rcs-revision 1.29)
\pgf@path@lastx=\dimen160
\pgf@path@lasty=\dimen161
)
("C:\Users\aabgreener\AppData\Local\Programs\MiKTeX 2.9\tex\generic\pgf\basicla
yer\pgfcorepathusage.code.tex"
File: pgfcorepathusage.code.tex 2014/11/02  (rcs-revision 1.24)
\pgf@shorten@end@additional=\dimen162
\pgf@shorten@start@additional=\dimen163
)
("C:\Users\aabgreener\AppData\Local\Programs\MiKTeX 2.9\tex\generic\pgf\basicla
yer\pgfcorescopes.code.tex"
File: pgfcorescopes.code.tex 2015/05/08  (rcs-revision 1.46)
\pgfpic=\box31
\pgf@hbox=\box32
\pgf@layerbox@main=\box33
\pgf@picture@serial@count=\count158
)
("C:\Users\aabgreener\AppData\Local\Programs\MiKTeX 2.9\tex\generic\pgf\basicla
yer\pgfcoregraphicstate.code.tex"
File: pgfcoregraphicstate.code.tex 2014/11/02  (rcs-revision 1.12)
\pgflinewidth=\dimen164
)
("C:\Users\aabgreener\AppData\Local\Programs\MiKTeX 2.9\tex\generic\pgf\basicla
yer\pgfcoretransformations.code.tex"
File: pgfcoretransformations.code.tex 2015/08/07  (rcs-revision 1.20)
\pgf@pt@x=\dimen165
\pgf@pt@y=\dimen166
\pgf@pt@temp=\dimen167
)
("C:\Users\aabgreener\AppData\Local\Programs\MiKTeX 2.9\tex\generic\pgf\basicla
yer\pgfcorequick.code.tex"
File: pgfcorequick.code.tex 2008/10/09  (rcs-revision 1.3)
)
("C:\Users\aabgreener\AppData\Local\Programs\MiKTeX 2.9\tex\generic\pgf\basicla
yer\pgfcoreobjects.code.tex"
File: pgfcoreobjects.code.tex 2006/10/11  (rcs-revision 1.2)
)
("C:\Users\aabgreener\AppData\Local\Programs\MiKTeX 2.9\tex\generic\pgf\basicla
yer\pgfcorepathprocessing.code.tex"
File: pgfcorepathprocessing.code.tex 2013/09/09  (rcs-revision 1.9)
)
("C:\Users\aabgreener\AppData\Local\Programs\MiKTeX 2.9\tex\generic\pgf\basicla
yer\pgfcorearrows.code.tex"
File: pgfcorearrows.code.tex 2015/05/14  (rcs-revision 1.43)
\pgfarrowsep=\dimen168
)
("C:\Users\aabgreener\AppData\Local\Programs\MiKTeX 2.9\tex\generic\pgf\basicla
yer\pgfcoreshade.code.tex"
File: pgfcoreshade.code.tex 2013/07/15  (rcs-revision 1.15)
\pgf@max=\dimen169
\pgf@sys@shading@range@num=\count159
)
("C:\Users\aabgreener\AppData\Local\Programs\MiKTeX 2.9\tex\generic\pgf\basicla
yer\pgfcoreimage.code.tex"
File: pgfcoreimage.code.tex 2013/07/15  (rcs-revision 1.18)

("C:\Users\aabgreener\AppData\Local\Programs\MiKTeX 2.9\tex\generic\pgf\basicla
yer\pgfcoreexternal.code.tex"
File: pgfcoreexternal.code.tex 2014/07/09  (rcs-revision 1.21)
\pgfexternal@startupbox=\box34
))
("C:\Users\aabgreener\AppData\Local\Programs\MiKTeX 2.9\tex\generic\pgf\basicla
yer\pgfcorelayers.code.tex"
File: pgfcorelayers.code.tex 2013/07/18  (rcs-revision 1.7)
)
("C:\Users\aabgreener\AppData\Local\Programs\MiKTeX 2.9\tex\generic\pgf\basicla
yer\pgfcoretransparency.code.tex"
File: pgfcoretransparency.code.tex 2013/09/30  (rcs-revision 1.5)
)
("C:\Users\aabgreener\AppData\Local\Programs\MiKTeX 2.9\tex\generic\pgf\basicla
yer\pgfcorepatterns.code.tex"
File: pgfcorepatterns.code.tex 2013/11/07  (rcs-revision 1.5)
)))
("C:\Users\aabgreener\AppData\Local\Programs\MiKTeX 2.9\tex\generic\pgf\modules
\pgfmoduleshapes.code.tex"
File: pgfmoduleshapes.code.tex 2014/03/21  (rcs-revision 1.35)
\pgfnodeparttextbox=\box35
)
("C:\Users\aabgreener\AppData\Local\Programs\MiKTeX 2.9\tex\generic\pgf\modules
\pgfmoduleplot.code.tex"
File: pgfmoduleplot.code.tex 2015/08/03  (rcs-revision 1.13)
)
("C:\Users\aabgreener\AppData\Local\Programs\MiKTeX 2.9\tex\latex\pgf\compatibi
lity\pgfcomp-version-0-65.sty"
Package: pgfcomp-version-0-65 2007/07/03 v3.0.1a (rcs-revision 1.7)
\pgf@nodesepstart=\dimen170
\pgf@nodesepend=\dimen171
)
("C:\Users\aabgreener\AppData\Local\Programs\MiKTeX 2.9\tex\latex\pgf\compatibi
lity\pgfcomp-version-1-18.sty"
Package: pgfcomp-version-1-18 2007/07/23 v3.0.1a (rcs-revision 1.1)
))
("C:\Users\aabgreener\AppData\Local\Programs\MiKTeX 2.9\tex\latex\pgf\utilities
\pgffor.sty"
("C:\Users\aabgreener\AppData\Local\Programs\MiKTeX 2.9\tex\latex\pgf\utilities
\pgfkeys.sty"
("C:\Users\aabgreener\AppData\Local\Programs\MiKTeX 2.9\tex\generic\pgf\utiliti
es\pgfkeys.code.tex"))
("C:\Users\aabgreener\AppData\Local\Programs\MiKTeX 2.9\tex\latex\pgf\math\pgfm
ath.sty"
("C:\Users\aabgreener\AppData\Local\Programs\MiKTeX 2.9\tex\generic\pgf\math\pg
fmath.code.tex"))
("C:\Users\aabgreener\AppData\Local\Programs\MiKTeX 2.9\tex\generic\pgf\utiliti
es\pgffor.code.tex"
Package: pgffor 2013/12/13 v3.0.1a (rcs-revision 1.25)

("C:\Users\aabgreener\AppData\Local\Programs\MiKTeX 2.9\tex\generic\pgf\math\pg
fmath.code.tex")
\pgffor@iter=\dimen172
\pgffor@skip=\dimen173
\pgffor@stack=\toks42
\pgffor@toks=\toks43
))
("C:\Users\aabgreener\AppData\Local\Programs\MiKTeX 2.9\tex\generic\pgf\fronten
dlayer\tikz\tikz.code.tex"
Package: tikz 2015/08/07 v3.0.1a (rcs-revision 1.151)

("C:\Users\aabgreener\AppData\Local\Programs\MiKTeX 2.9\tex\generic\pgf\librari
es\pgflibraryplothandlers.code.tex"
File: pgflibraryplothandlers.code.tex 2013/08/31 v3.0.1a (rcs-revision 1.20)
\pgf@plot@mark@count=\count160
\pgfplotmarksize=\dimen174
)
\tikz@lastx=\dimen175
\tikz@lasty=\dimen176
\tikz@lastxsaved=\dimen177
\tikz@lastysaved=\dimen178
\tikzleveldistance=\dimen179
\tikzsiblingdistance=\dimen180
\tikz@figbox=\box36
\tikz@figbox@bg=\box37
\tikz@tempbox=\box38
\tikz@tempbox@bg=\box39
\tikztreelevel=\count161
\tikznumberofchildren=\count162
\tikznumberofcurrentchild=\count163
\tikz@fig@count=\count164

("C:\Users\aabgreener\AppData\Local\Programs\MiKTeX 2.9\tex\generic\pgf\modules
\pgfmodulematrix.code.tex"
File: pgfmodulematrix.code.tex 2013/09/17  (rcs-revision 1.8)
\pgfmatrixcurrentrow=\count165
\pgfmatrixcurrentcolumn=\count166
\pgf@matrix@numberofcolumns=\count167
)
\tikz@expandcount=\count168

("C:\Users\aabgreener\AppData\Local\Programs\MiKTeX 2.9\tex\generic\pgf\fronten
dlayer\tikz\libraries\tikzlibrarytopaths.code.tex"
File: tikzlibrarytopaths.code.tex 2008/06/17 v3.0.1a (rcs-revision 1.2)
)))
("C:\Users\aabgreener\AppData\Local\Programs\MiKTeX 2.9\tex\systeme\latex\syste
me.sty"
("C:\Users\aabgreener\AppData\Local\Programs\MiKTeX 2.9\tex\latex\xstring\xstri
ng.sty"
("C:\Users\aabgreener\AppData\Local\Programs\MiKTeX 2.9\tex\generic\xstring\xst
ring.tex"
\@xs@message=\write4
\integerpart=\count169
\decimalpart=\count170
)
Package: xstring 2013/10/13  v1.7c  String manipulations (C Tellechea)
)
("C:\Users\aabgreener\AppData\Local\Programs\MiKTeX 2.9\tex\generic\systeme\sys
teme.tex"
\SYS@systemecode=\toks44
\SYS@systempreamble=\toks45
\SYSeqnum=\count171
)
Package: systeme 2018/01/01 v0.31 Mise en forme de systemes d'equations (CT)
)
("C:\Users\aabgreener\AppData\Local\Programs\MiKTeX 2.9\tex\latex\mathtools\mat
htools.sty"
Package: mathtools 2018/01/08 v1.21 mathematical typesetting tools

("C:\Users\aabgreener\AppData\Local\Programs\MiKTeX 2.9\tex\latex\tools\calc.st
y"
Package: calc 2014/10/28 v4.3 Infix arithmetic (KKT,FJ)
\calc@Acount=\count172
\calc@Bcount=\count173
\calc@Adimen=\dimen181
\calc@Bdimen=\dimen182
\calc@Askip=\skip50
\calc@Bskip=\skip51
LaTeX Info: Redefining \setlength on input line 80.
LaTeX Info: Redefining \addtolength on input line 81.
\calc@Ccount=\count174
\calc@Cskip=\skip52
)
("C:\Users\aabgreener\AppData\Local\Programs\MiKTeX 2.9\tex\latex\mathtools\mhs
etup.sty"
Package: mhsetup 2017/03/31 v1.3 programming setup (MH)
)
LaTeX Info: Thecontrolsequence`\('isalreadyrobust on input line 129.
LaTeX Info: Thecontrolsequence`\)'isalreadyrobust on input line 129.
LaTeX Info: Thecontrolsequence`\['isalreadyrobust on input line 129.
LaTeX Info: Thecontrolsequence`\]'isalreadyrobust on input line 129.
\g_MT_multlinerow_int=\count175
\l_MT_multwidth_dim=\dimen183
\origjot=\skip53
\l_MT_shortvdotswithinadjustabove_dim=\dimen184
\l_MT_shortvdotswithinadjustbelow_dim=\dimen185
\l_MT_above_intertext_sep=\dimen186
\l_MT_below_intertext_sep=\dimen187
\l_MT_above_shortintertext_sep=\dimen188
\l_MT_below_shortintertext_sep=\dimen189
) (H:\TeX\build\a3.aux)
\openout1 = `a3.aux'.

LaTeX Font Info:    Checking defaults for OML/cmm/m/it on input line 70.
LaTeX Font Info:    ... okay on input line 70.
LaTeX Font Info:    Checking defaults for T1/cmr/m/n on input line 70.
LaTeX Font Info:    ... okay on input line 70.
LaTeX Font Info:    Checking defaults for OT1/cmr/m/n on input line 70.
LaTeX Font Info:    ... okay on input line 70.
LaTeX Font Info:    Checking defaults for OMS/cmsy/m/n on input line 70.
LaTeX Font Info:    ... okay on input line 70.
LaTeX Font Info:    Checking defaults for OMX/cmex/m/n on input line 70.
LaTeX Font Info:    ... okay on input line 70.
LaTeX Font Info:    Checking defaults for U/cmr/m/n on input line 70.
LaTeX Font Info:    ... okay on input line 70.
LaTeX Font Info:    Checking defaults for PD1/pdf/m/n on input line 70.
LaTeX Font Info:    ... okay on input line 70.

*geometry* driver: auto-detecting
*geometry* detected driver: pdftex
*geometry* verbose mode - [ preamble ] result:
* driver: pdftex
* paper: <default>
* layout: <same size as paper>
* layoutoffset:(h,v)=(0.0pt,0.0pt)
* modes: 
* h-part:(L,W,R)=(72.26999pt, 469.75502pt, 72.26999pt)
* v-part:(T,H,B)=(72.26999pt, 650.43001pt, 72.26999pt)
* \paperwidth=614.295pt
* \paperheight=794.96999pt
* \textwidth=469.75502pt
* \textheight=650.43001pt
* \oddsidemargin=0.0pt
* \evensidemargin=0.0pt
* \topmargin=-37.0pt
* \headheight=12.0pt
* \headsep=25.0pt
* \topskip=10.0pt
* \footskip=30.0pt
* \marginparwidth=65.0pt
* \marginparsep=11.0pt
* \columnsep=10.0pt
* \skip\footins=9.0pt plus 4.0pt minus 2.0pt
* \hoffset=0.0pt
* \voffset=0.0pt
* \mag=1000
* \@twocolumnfalse
* \@twosidefalse
* \@mparswitchfalse
* \@reversemarginfalse
* (1in=72.27pt=25.4mm, 1cm=28.453pt)


("C:\Users\aabgreener\AppData\Local\Programs\MiKTeX 2.9\tex\latex\fmtcount\fc-e
nglish.def"
File: fc-english.def 2016/01/12
)
\AtBeginShipoutBox=\box40
Package hyperref Info: Link coloring ON on input line 70.

("C:\Users\aabgreener\AppData\Local\Programs\MiKTeX 2.9\tex\latex\hyperref\name
ref.sty"
Package: nameref 2016/05/21 v2.44 Cross-referencing by name of section

("C:\Users\aabgreener\AppData\Local\Programs\MiKTeX 2.9\tex\generic\oberdiek\ge
ttitlestring.sty"
Package: gettitlestring 2016/05/16 v1.5 Cleanup title references (HO)
)
\c@section@level=\count176
)
LaTeX Info: Redefining \ref on input line 70.
LaTeX Info: Redefining \pageref on input line 70.
LaTeX Info: Redefining \nameref on input line 70.
 (H:\TeX\build\a3.out) (H:\TeX\build\a3.out)
\@outlinefile=\write5
\openout5 = `a3.out'.


ABD: EveryShipout initializing macros
("C:\Users\aabgreener\AppData\Local\Programs\MiKTeX 2.9\tex\context\base\supp-p
df.mkii"
[Loading MPS to PDF converter (version 2006.09.02).]
\scratchcounter=\count177
\scratchdimen=\dimen190
\scratchbox=\box41
\nofMPsegments=\count178
\nofMParguments=\count179
\everyMPshowfont=\toks46
\MPscratchCnt=\count180
\MPscratchDim=\dimen191
\MPnumerator=\count181
\makeMPintoPDFobject=\count182
\everyMPtoPDFconversion=\toks47
)
("C:\Users\aabgreener\AppData\Local\Programs\MiKTeX 2.9\tex\latex\oberdiek\epst
opdf-base.sty"
Package: epstopdf-base 2016/05/15 v2.6 Base part for package epstopdf

("C:\Users\aabgreener\AppData\Local\Programs\MiKTeX 2.9\tex\latex\oberdiek\grfe
xt.sty"
Package: grfext 2016/05/16 v1.2 Manage graphics extensions (HO)
)
Package epstopdf-base Info: Redefining graphics rule for `.eps' on input line 4
38.
Package grfext Info: Graphics extension search list:
(grfext)             [.pdf,.png,.jpg,.mps,.jpeg,.jbig2,.jb2,.PDF,.PNG,.JPG,.JPE
G,.JBIG2,.JB2,.eps]
(grfext)             \AppendGraphicsExtensions on input line 456.
)
LaTeX Font Info:    Try loading font information for U+msa on input line 74.

("C:\Users\aabgreener\AppData\Local\Programs\MiKTeX 2.9\tex\latex\amsfonts\umsa
.fd"
File: umsa.fd 2013/01/14 v3.01 AMS symbols A
)
LaTeX Font Info:    Try loading font information for U+msb on input line 74.

("C:\Users\aabgreener\AppData\Local\Programs\MiKTeX 2.9\tex\latex\amsfonts\umsb
.fd"
File: umsb.fd 2013/01/14 v3.01 AMS symbols B
) [1

{C:/Users/aabgreener/AppData/Local/MiKTeX/2.9/pdftex/config/pdftex.map}]
<./images/mnist.png, id=25, 1387.584pt x 710.4141pt>
File: ./images/mnist.png Graphic file (type png)
<use ./images/mnist.png>
Package pdftex.def Info: ./images/mnist.png  used on input line 79.
(pdftex.def)             Requested size: 469.75502pt x 240.50778pt.
pdfTeX warning (ext4): destination with the same identifier (name{page.1}) has 
been already used, duplicate ignored
<to be read again> 
                   \relax 
l.91 \end{document}
                    [1 <./images/mnist.png>]
Package atveryend Info: Empty hook `BeforeClearDocument' on input line 91.
Package atveryend Info: Empty hook `AfterLastShipout' on input line 91.
 (H:\TeX\build\a3.aux)
Package atveryend Info: Executing hook `AtVeryEndDocument' on input line 91.
Package atveryend Info: Executing hook `AtEndAfterFileList' on input line 91.


Package rerunfilecheck Warning: File `a3.out' has changed.
(rerunfilecheck)                Rerun to get outlines right
(rerunfilecheck)                or use package `bookmark'.

Package rerunfilecheck Info: Checksums for `a3.out':
(rerunfilecheck)             Before: 0DCC0E21593505AF57DE206AFEF04B3A;183
(rerunfilecheck)             After:  79291D8985BCD80884565B67D6CD3D6B;228.
 ) 
Here is how much of TeX's memory you used:
 18612 strings out of 493305
 344774 string characters out of 3127628
 425708 words of memory out of 3000000
 21817 multiletter control sequences out of 15000+200000
 9804 words of font info for 37 fonts, out of 3000000 for 9000
 1141 hyphenation exceptions out of 8191
 55i,7n,54p,1038b,351s stack positions out of 5000i,500n,10000p,200000b,50000s
<C:/Users/aabgreener/AppData/Local/Programs/MiKTeX 2.9/fonts/type1/public/ams
fonts/cm/cmbx10.pfb><C:/Users/aabgreener/AppData/Local/Programs/MiKTeX 2.9/font
s/type1/public/amsfonts/cm/cmbx12.pfb><C:/Users/aabgreener/AppData/Local/Progra
ms/MiKTeX 2.9/fonts/type1/public/amsfonts/cm/cmr10.pfb><C:/Users/aabgreener/App
Data/Local/Programs/MiKTeX 2.9/fonts/type1/public/amsfonts/cm/cmr12.pfb><C:/Use
rs/aabgreener/AppData/Local/Programs/MiKTeX 2.9/fonts/type1/public/amsfonts/cm/
cmr17.pfb>
Output written on H:\TeX\build\a3.pdf (2 pages, 112738 bytes).
PDF statistics:
 57 PDF objects out of 1000 (max. 8388607)
 7 named destinations out of 1000 (max. 500000)
 42 words of extra memory for PDF output out of 10000 (max. 10000000)

